{
  "RSpec": {
    "coverage": {
      "/home/daniele/flights-service/app/controllers/flights_controller.rb": {
        "lines": [
          null,
          null,
          1,
          1,
          1,
          null,
          1,
          1,
          null,
          1,
          4,
          2,
          null,
          2,
          null,
          null,
          null,
          null,
          null,
          null,
          null,
          null,
          1,
          null,
          1,
          4,
          4,
          2,
          null,
          2,
          null,
          null,
          null
        ]
      },
      "/home/daniele/flights-service/app/services/service.rb": {
        "lines": [
          null,
          null,
          1,
          null
        ]
      },
      "/home/daniele/flights-service/app/services/correct_flight.rb": {
        "lines": [
          null,
          null,
          1,
          null,
          1,
          259,
          8,
          251,
          244,
          null,
          null,
          7,
          null,
          null,
          1,
          null,
          256,
          256,
          null,
          256,
          null,
          243,
          243,
          1,
          null,
          null,
          242,
          null,
          242,
          null,
          7,
          7,
          1,
          null,
          null,
          6,
          null,
          6,
          null,
          null,
          null,
          1,
          246,
          1,
          null,
          null,
          245,
          243,
          null,
          null,
          2,
          null,
          null,
          1,
          10,
          1,
          null,
          null,
          9,
          7,
          null,
          null,
          2,
          null,
          null
        ]
      },
      "/home/daniele/flights-service/app/services/parser.rb": {
        "lines": [
          null,
          1,
          1,
          1,
          null,
          1,
          1,
          1,
          250,
          250,
          null,
          null,
          1,
          250,
          null,
          250,
          null,
          221,
          1,
          null,
          null,
          220,
          220,
          214,
          null,
          6,
          null,
          null,
          220,
          220,
          149,
          null,
          null,
          71,
          71,
          null,
          71,
          70,
          null,
          1,
          null,
          null,
          71,
          64,
          null,
          61,
          null,
          61,
          null,
          null,
          null,
          null,
          null,
          null,
          61,
          null,
          null,
          null,
          1,
          null,
          1,
          136,
          null,
          136,
          null,
          125,
          null,
          null,
          null,
          null,
          null,
          null,
          null,
          null,
          1,
          62,
          null,
          62,
          62,
          62,
          62,
          null,
          62,
          62,
          null,
          62,
          62,
          null,
          62,
          null,
          null,
          1,
          249,
          null,
          null,
          1,
          357,
          357,
          357,
          null,
          357,
          null,
          357,
          null,
          356,
          null,
          null
        ]
      },
      "/home/daniele/flights-service/app/controllers/application_controller.rb": {
        "lines": [
          1,
          null
        ]
      },
      "/home/daniele/flights-service/spec/models/airport_spec.rb": {
        "lines": [
          1,
          null,
          1,
          3,
          2,
          2,
          null,
          1,
          1,
          2,
          2,
          null,
          null,
          null
        ]
      },
      "/home/daniele/flights-service/app/models/airport.rb": {
        "lines": [
          1,
          1,
          null
        ]
      },
      "/home/daniele/flights-service/app/models/application_record.rb": {
        "lines": [
          1,
          1,
          null
        ]
      },
      "/home/daniele/flights-service/spec/models/flight_spec.rb": {
        "lines": [
          1,
          null,
          1,
          2,
          null,
          1,
          1,
          1,
          null,
          null,
          null
        ]
      },
      "/home/daniele/flights-service/app/models/flight.rb": {
        "lines": [
          1,
          1,
          null
        ]
      },
      "/home/daniele/flights-service/spec/models/route_spec.rb": {
        "lines": [
          1,
          null,
          1,
          5,
          2,
          null,
          1,
          1,
          1,
          null,
          null,
          1,
          1,
          null,
          null,
          1,
          1,
          null,
          null,
          null,
          1,
          2,
          null,
          1,
          1,
          1,
          null,
          null,
          null,
          null
        ]
      },
      "/home/daniele/flights-service/app/models/route.rb": {
        "lines": [
          1,
          1,
          1,
          1,
          null,
          1,
          null,
          1,
          null,
          1,
          67,
          null,
          67,
          null,
          null
        ]
      },
      "/home/daniele/flights-service/spec/routes/flight_routes_spec.rb": {
        "lines": [
          1,
          null,
          1,
          2,
          null,
          1,
          1,
          null,
          null
        ]
      },
      "/home/daniele/flights-service/spec/services/correct_flight_spec.rb": {
        "lines": [
          1,
          1,
          1,
          null,
          1,
          1,
          1,
          2,
          null,
          2,
          null,
          null,
          1,
          2,
          null,
          2,
          null,
          null,
          1,
          2,
          null,
          3,
          null,
          null,
          null,
          1,
          1,
          2,
          null,
          2,
          null,
          null,
          1,
          2,
          null,
          2,
          null,
          null,
          1,
          2,
          null,
          3,
          null,
          null,
          null,
          1,
          1,
          2,
          null,
          2,
          null,
          null,
          1,
          2,
          null,
          2,
          null,
          null,
          1,
          2,
          null,
          3,
          null,
          null,
          null,
          1,
          1,
          1,
          2,
          null,
          2,
          null,
          null,
          1,
          2,
          null,
          2,
          null,
          null,
          null,
          1,
          1,
          2,
          null,
          2,
          null,
          null,
          1,
          2,
          null,
          2,
          null,
          null,
          null,
          null,
          null
        ]
      },
      "/home/daniele/flights-service/spec/services/csv_writer_spec.rb": {
        "lines": [
          1,
          1,
          1,
          1,
          1,
          null,
          1,
          1,
          3,
          null,
          2,
          2,
          null,
          null,
          1,
          3,
          null,
          1,
          2,
          2,
          2,
          2,
          2,
          null,
          2,
          null,
          null,
          1,
          2,
          null,
          2,
          null,
          null,
          null,
          1,
          1,
          2,
          null,
          2,
          null,
          null,
          1,
          2,
          null,
          2,
          null,
          null,
          null
        ]
      },
      "/home/daniele/flights-service/app/services/csv_writer.rb": {
        "lines": [
          null,
          1,
          null,
          1,
          null,
          1,
          237,
          146,
          146,
          null,
          91,
          null,
          null,
          null,
          null,
          null,
          null,
          null,
          null,
          null,
          90,
          null,
          null,
          1,
          2,
          null,
          2,
          1,
          1,
          null,
          1,
          null,
          null,
          250,
          244,
          null,
          235,
          null,
          16,
          null,
          null,
          null,
          null,
          1,
          1,
          null,
          null,
          1,
          1,
          null,
          null,
          1,
          1,
          4,
          4,
          3,
          750,
          null,
          null,
          3,
          null,
          null
        ]
      },
      "/home/daniele/flights-service/spec/services/parser_spec.rb": {
        "lines": [
          1,
          1,
          1,
          null,
          1,
          1,
          1,
          2,
          null,
          1,
          2,
          null,
          null,
          null,
          1,
          2,
          null,
          1,
          1,
          null,
          null,
          null,
          1,
          2,
          2,
          null,
          1,
          1,
          null,
          null,
          null,
          1,
          2,
          null,
          1,
          1,
          null,
          null,
          null,
          null,
          1,
          2,
          null,
          2,
          null,
          null,
          1,
          2,
          null,
          2,
          null,
          null,
          1,
          2,
          null,
          2,
          null,
          null,
          1,
          2,
          null,
          2,
          null,
          null
        ]
      },
      "/home/daniele/flights-service/app/serializers/flight_serializer.rb": {
        "lines": [
          1,
          1,
          null,
          1,
          2,
          2,
          2,
          null,
          null,
          1,
          null,
          1,
          4,
          null,
          null,
          1,
          null,
          2,
          null,
          null,
          null,
          null
        ]
      }
    },
    "timestamp": 1697196648
  }
}
