{
  "RSpec": {
    "coverage": {
      "/home/daniele/flights-service/spec/support/webmock.rb": {
        "lines": [
          1,
          null,
          1
        ]
      },
      "/home/daniele/flights-service/app/controllers/flights_controller.rb": {
        "lines": [
          null,
          null,
          1,
          1,
          1,
          null,
          1,
          1,
          null,
          1,
          4,
          2,
          null,
          2,
          null,
          null,
          null,
          null,
          null,
          null,
          null,
          null,
          1,
          null,
          1,
          4,
          4,
          2,
          null,
          2,
          null,
          null,
          null
        ]
      },
      "/home/daniele/flights-service/app/services/service.rb": {
        "lines": [
          null,
          null,
          1,
          null
        ]
      },
      "/home/daniele/flights-service/app/services/correct_flight.rb": {
        "lines": [
          null,
          null,
          1,
          null,
          1,
          266,
          266,
          20,
          244,
          241,
          null,
          null,
          3,
          null,
          null,
          1,
          null,
          263,
          263,
          null,
          263,
          null,
          240,
          null,
          240,
          null,
          240,
          null,
          19,
          null,
          19,
          null,
          19,
          null,
          null,
          null,
          1,
          247,
          1,
          null,
          null,
          246,
          242,
          null,
          null,
          4,
          null,
          null,
          1,
          269,
          3,
          null,
          null,
          266,
          21,
          null,
          null,
          245,
          null,
          null
        ]
      },
      "/home/daniele/flights-service/app/services/parser.rb": {
        "lines": [
          null,
          1,
          1,
          1,
          null,
          1,
          1,
          1,
          261,
          261,
          null,
          null,
          1,
          261,
          null,
          261,
          null,
          241,
          1,
          null,
          null,
          240,
          240,
          221,
          null,
          19,
          null,
          null,
          240,
          240,
          165,
          null,
          null,
          75,
          75,
          null,
          75,
          74,
          null,
          1,
          null,
          null,
          75,
          75,
          null,
          75,
          null,
          75,
          null,
          null,
          null,
          null,
          null,
          null,
          75,
          null,
          null,
          null,
          1,
          null,
          1,
          151,
          null,
          151,
          null,
          151,
          null,
          null,
          null,
          null,
          null,
          null,
          null,
          null,
          1,
          76,
          null,
          76,
          76,
          76,
          76,
          null,
          76,
          76,
          null,
          76,
          76,
          null,
          76,
          null,
          null,
          1,
          305,
          null,
          null,
          1,
          395,
          395,
          395,
          null,
          395,
          null,
          395,
          null,
          391,
          null,
          null
        ]
      },
      "/home/daniele/flights-service/app/controllers/application_controller.rb": {
        "lines": [
          1,
          null
        ]
      },
      "/home/daniele/flights-service/spec/models/airport_spec.rb": {
        "lines": [
          1,
          null,
          1,
          3,
          2,
          2,
          null,
          1,
          1,
          2,
          2,
          null,
          null,
          null
        ]
      },
      "/home/daniele/flights-service/app/models/airport.rb": {
        "lines": [
          1,
          1,
          null
        ]
      },
      "/home/daniele/flights-service/app/models/application_record.rb": {
        "lines": [
          1,
          1,
          null
        ]
      },
      "/home/daniele/flights-service/spec/models/flight_spec.rb": {
        "lines": [
          1,
          null,
          1,
          2,
          null,
          1,
          1,
          1,
          null,
          null,
          null
        ]
      },
      "/home/daniele/flights-service/app/models/flight.rb": {
        "lines": [
          1,
          1,
          null
        ]
      },
      "/home/daniele/flights-service/spec/models/route_spec.rb": {
        "lines": [
          1,
          null,
          1,
          5,
          2,
          null,
          1,
          1,
          1,
          null,
          null,
          1,
          1,
          null,
          null,
          1,
          1,
          null,
          null,
          null,
          1,
          2,
          null,
          1,
          1,
          1,
          null,
          null,
          null,
          null
        ]
      },
      "/home/daniele/flights-service/app/models/route.rb": {
        "lines": [
          1,
          1,
          1,
          1,
          null,
          1,
          null,
          1,
          null,
          1,
          156,
          null,
          156,
          null,
          null
        ]
      },
      "/home/daniele/flights-service/spec/routes/flight_routes_spec.rb": {
        "lines": [
          1,
          null,
          1,
          2,
          null,
          1,
          1,
          null,
          null
        ]
      },
      "/home/daniele/flights-service/spec/services/correct_flight_spec.rb": {
        "lines": [
          1,
          1,
          1,
          null,
          1,
          1,
          1,
          2,
          null,
          2,
          null,
          null,
          1,
          2,
          null,
          2,
          null,
          null,
          1,
          2,
          null,
          3,
          null,
          null,
          null,
          1,
          1,
          2,
          null,
          2,
          null,
          null,
          1,
          2,
          null,
          2,
          null,
          null,
          1,
          2,
          null,
          3,
          null,
          null,
          null,
          1,
          1,
          2,
          null,
          2,
          null,
          null,
          1,
          2,
          null,
          2,
          null,
          null,
          1,
          2,
          null,
          3,
          null,
          null,
          null,
          1,
          1,
          1,
          2,
          null,
          2,
          null,
          null,
          1,
          2,
          null,
          3,
          null,
          null,
          null,
          1,
          1,
          2,
          null,
          2,
          null,
          null,
          1,
          2,
          null,
          3,
          null,
          null,
          null,
          null,
          null
        ]
      },
      "/home/daniele/flights-service/spec/services/csv_writer_spec.rb": {
        "lines": [
          1,
          1,
          1,
          1,
          1,
          null,
          1,
          1,
          3,
          null,
          2,
          2,
          null,
          null,
          1,
          3,
          null,
          1,
          2,
          2,
          2,
          2,
          2,
          null,
          2,
          null,
          null,
          1,
          2,
          null,
          2,
          null,
          null,
          null,
          1,
          1,
          2,
          null,
          2,
          null,
          null,
          1,
          2,
          null,
          2,
          null,
          null,
          null
        ]
      },
      "/home/daniele/flights-service/app/services/csv_writer.rb": {
        "lines": [
          null,
          1,
          1,
          1,
          null,
          1,
          95,
          1,
          1,
          null,
          94,
          null,
          null,
          null,
          null,
          null,
          null,
          null,
          null,
          null,
          94,
          null,
          null,
          1,
          2,
          null,
          2,
          1,
          1,
          null,
          1,
          null,
          250,
          250,
          null,
          257,
          255,
          null,
          765,
          255,
          null,
          93,
          null,
          null,
          2,
          null,
          null,
          null,
          null,
          null,
          1,
          null,
          null,
          1,
          1,
          null,
          null,
          1,
          1,
          4,
          4,
          3,
          760,
          null,
          null,
          3,
          null,
          null
        ]
      },
      "/home/daniele/flights-service/spec/services/parser_spec.rb": {
        "lines": [
          1,
          1,
          1,
          null,
          1,
          1,
          1,
          2,
          null,
          1,
          2,
          null,
          null,
          null,
          1,
          2,
          null,
          1,
          1,
          null,
          null,
          null,
          1,
          2,
          2,
          null,
          1,
          1,
          null,
          null,
          null,
          1,
          2,
          null,
          1,
          1,
          null,
          null,
          null,
          null,
          1,
          2,
          null,
          2,
          null,
          null,
          1,
          2,
          null,
          2,
          null,
          null,
          1,
          1,
          1,
          2,
          2,
          null,
          null,
          null,
          1,
          1,
          0,
          0,
          0,
          null,
          null,
          1,
          1,
          null,
          null,
          null,
          1,
          1,
          2,
          2,
          null,
          null,
          null,
          1,
          1,
          0,
          0,
          0,
          null,
          null,
          1,
          1,
          null,
          null,
          null,
          null,
          1,
          2,
          null,
          2,
          null,
          null
        ]
      },
      "/home/daniele/flights-service/app/serializers/flight_serializer.rb": {
        "lines": [
          1,
          1,
          null,
          1,
          2,
          2,
          2,
          null,
          null,
          1,
          null,
          1,
          4,
          null,
          null,
          1,
          null,
          2,
          null,
          null,
          null,
          null
        ]
      }
    },
    "timestamp": 1698160731
  }
}
